Using pre-set license
Built from '2022.3/staging' branch; Version is '2022.3.8f1 (b5eafc012955) revision 11922172'; Using compiler version '192829333'; Build Type 'Release'
OS: 'Windows 11  (10.0.22621) 64bit CoreSingleLanguage' Language: 'en' Physical Memory: 7863 MB
BatchMode: 1, IsHumanControllingUs: 0, StartBugReporterOnCrash: 0, Is64bit: 1, IsPro: 1

COMMAND LINE ARGUMENTS:
C:\Program Files\Unity\Hub\Editor\2022.3.8f1\Editor\Unity.exe
-adb2
-batchMode
-noUpm
-name
AssetImportWorker0
-projectPath
D:/KULIAh/SEMESTER 5/GAME PROGRAMMING/TUBES-Game
-logFile
Logs/AssetImportWorker0.log
-srvPort
54821
Successfully changed project path to: D:/KULIAh/SEMESTER 5/GAME PROGRAMMING/TUBES-Game
D:/KULIAh/SEMESTER 5/GAME PROGRAMMING/TUBES-Game
[UnityMemory] Configuration Parameters - Can be set up in boot.config
    "memorysetup-bucket-allocator-granularity=16"
    "memorysetup-bucket-allocator-bucket-count=8"
    "memorysetup-bucket-allocator-block-size=33554432"
    "memorysetup-bucket-allocator-block-count=8"
    "memorysetup-main-allocator-block-size=16777216"
    "memorysetup-thread-allocator-block-size=16777216"
    "memorysetup-gfx-main-allocator-block-size=16777216"
    "memorysetup-gfx-thread-allocator-block-size=16777216"
    "memorysetup-cache-allocator-block-size=4194304"
    "memorysetup-typetree-allocator-block-size=2097152"
    "memorysetup-profiler-bucket-allocator-granularity=16"
    "memorysetup-profiler-bucket-allocator-bucket-count=8"
    "memorysetup-profiler-bucket-allocator-block-size=33554432"
    "memorysetup-profiler-bucket-allocator-block-count=8"
    "memorysetup-profiler-allocator-block-size=16777216"
    "memorysetup-profiler-editor-allocator-block-size=1048576"
    "memorysetup-temp-allocator-size-main=16777216"
    "memorysetup-job-temp-allocator-block-size=2097152"
    "memorysetup-job-temp-allocator-block-size-background=1048576"
    "memorysetup-job-temp-allocator-reduction-small-platforms=262144"
    "memorysetup-allocator-temp-initial-block-size-main=262144"
    "memorysetup-allocator-temp-initial-block-size-worker=262144"
    "memorysetup-temp-allocator-size-background-worker=32768"
    "memorysetup-temp-allocator-size-job-worker=262144"
    "memorysetup-temp-allocator-size-preload-manager=33554432"
    "memorysetup-temp-allocator-size-nav-mesh-worker=65536"
    "memorysetup-temp-allocator-size-audio-worker=65536"
    "memorysetup-temp-allocator-size-cloud-worker=32768"
    "memorysetup-temp-allocator-size-gi-baking-worker=262144"
    "memorysetup-temp-allocator-size-gfx=262144"
Player connection [4052] Host "[IP] 192.168.56.1 [Port] 0 [Flags] 2 [Guid] 875130404 [EditorId] 875130404 [Version] 1048832 [Id] WindowsEditor(7,LAPTOP-QVM676SB) [Debug] 1 [PackageName] WindowsEditor [ProjectName] Editor" joined multi-casting on [225.0.0.222:54997]...

Player connection [4052] Host "[IP] 192.168.56.1 [Port] 0 [Flags] 2 [Guid] 875130404 [EditorId] 875130404 [Version] 1048832 [Id] WindowsEditor(7,LAPTOP-QVM676SB) [Debug] 1 [PackageName] WindowsEditor [ProjectName] Editor" joined alternative multi-casting on [225.0.0.222:34997]...

[Physics::Module] Initialized MultithreadedJobDispatcher with 7 workers.
Refreshing native plugins compatible for Editor in 29.43 ms, found 4 plugins.
Preloading 0 native plugins for Editor in 0.00 ms.
Initialize engine version: 2022.3.8f1 (b5eafc012955)
[Subsystems] Discovering subsystems at path C:/Program Files/Unity/Hub/Editor/2022.3.8f1/Editor/Data/Resources/UnitySubsystems
[Subsystems] Discovering subsystems at path D:/KULIAh/SEMESTER 5/GAME PROGRAMMING/TUBES-Game/Assets
GfxDevice: creating device client; threaded=0; jobified=0
Direct3D:
    Version:  Direct3D 11.0 [level 11.1]
    Renderer: Intel(R) UHD Graphics (ID=0x46b3)
    Vendor:   Intel
    VRAM:     3931 MB
    Driver:   31.0.101.4032
Initialize mono
Mono path[0] = 'C:/Program Files/Unity/Hub/Editor/2022.3.8f1/Editor/Data/Managed'
Mono path[1] = 'C:/Program Files/Unity/Hub/Editor/2022.3.8f1/Editor/Data/MonoBleedingEdge/lib/mono/unityjit-win32'
Mono config path = 'C:/Program Files/Unity/Hub/Editor/2022.3.8f1/Editor/Data/MonoBleedingEdge/etc'
Using monoOptions --debugger-agent=transport=dt_socket,embedding=1,server=y,suspend=n,address=127.0.0.1:56428
Begin MonoManager ReloadAssembly
Registering precompiled unity dll's ...
Register platform support module: C:/Program Files/Unity/Hub/Editor/2022.3.8f1/Editor/Data/PlaybackEngines/WindowsStandaloneSupport/UnityEditor.WindowsStandalone.Extensions.dll
Registered in 0.011872 seconds.
- Loaded All Assemblies, in  0.731 seconds
Native extension for WindowsStandalone target not found
Mono: successfully reloaded assembly
- Finished resetting the current domain, in  0.522 seconds
Domain Reload Profiling: 1251ms
	BeginReloadAssembly (228ms)
		ExecutionOrderSort (0ms)
		DisableScriptedObjects (0ms)
		BackupInstance (0ms)
		ReleaseScriptingObjects (0ms)
		CreateAndSetChildDomain (1ms)
	RebuildCommonClasses (54ms)
	RebuildNativeTypeToScriptingClass (21ms)
	initialDomainReloadingComplete (105ms)
	LoadAllAssembliesAndSetupDomain (321ms)
		LoadAssemblies (225ms)
		RebuildTransferFunctionScriptingTraits (0ms)
		AnalyzeDomain (317ms)
			TypeCache.Refresh (315ms)
				TypeCache.ScanAssembly (296ms)
			ScanForSourceGeneratedMonoScriptInfo (1ms)
			ResolveRequiredComponents (1ms)
	FinalizeReload (523ms)
		ReleaseScriptCaches (0ms)
		RebuildScriptCaches (0ms)
		SetupLoadedEditorAssemblies (402ms)
			LogAssemblyErrors (0ms)
			InitializePlatformSupportModulesInManaged (18ms)
			SetLoadedEditorAssemblies (16ms)
			RefreshPlugins (0ms)
			BeforeProcessingInitializeOnLoad (5ms)
			ProcessInitializeOnLoadAttributes (264ms)
			ProcessInitializeOnLoadMethodAttributes (99ms)
			AfterProcessingInitializeOnLoad (0ms)
			EditorAssembliesLoaded (0ms)
		ExecutionOrderSort2 (0ms)
		AwakeInstancesAfterBackupRestoration (0ms)
========================================================================
Worker process is ready to serve import requests
Begin MonoManager ReloadAssembly
- Loaded All Assemblies, in  1.394 seconds
Refreshing native plugins compatible for Editor in 10.72 ms, found 4 plugins.
Native extension for WindowsStandalone target not found
Package Manager log level set to [2]
[Package Manager] Server::EnsureServerProcessIsRunning -- launch failed, reason: Unity was launched with the -noUpm command-line argument
[Package Manager] UpmClient::Send -- Unable to send message (not connected to UPM process).
[Package Manager] Cannot connect to Unity Package Manager local server
Mono: successfully reloaded assembly
- Finished resetting the current domain, in  0.970 seconds
Domain Reload Profiling: 2361ms
	BeginReloadAssembly (302ms)
		ExecutionOrderSort (0ms)
		DisableScriptedObjects (10ms)
		BackupInstance (0ms)
		ReleaseScriptingObjects (0ms)
		CreateAndSetChildDomain (32ms)
	RebuildCommonClasses (43ms)
	RebuildNativeTypeToScriptingClass (16ms)
	initialDomainReloadingComplete (98ms)
	LoadAllAssembliesAndSetupDomain (932ms)
		LoadAssemblies (750ms)
		RebuildTransferFunctionScriptingTraits (0ms)
		AnalyzeDomain (385ms)
			TypeCache.Refresh (335ms)
				TypeCache.ScanAssembly (303ms)
			ScanForSourceGeneratedMonoScriptInfo (38ms)
			ResolveRequiredComponents (9ms)
	FinalizeReload (971ms)
		ReleaseScriptCaches (0ms)
		RebuildScriptCaches (0ms)
		SetupLoadedEditorAssemblies (691ms)
			LogAssemblyErrors (0ms)
			InitializePlatformSupportModulesInManaged (7ms)
			SetLoadedEditorAssemblies (5ms)
			RefreshPlugins (0ms)
			BeforeProcessingInitializeOnLoad (131ms)
			ProcessInitializeOnLoadAttributes (493ms)
			ProcessInitializeOnLoadMethodAttributes (49ms)
			AfterProcessingInitializeOnLoad (6ms)
			EditorAssembliesLoaded (0ms)
		ExecutionOrderSort2 (0ms)
		AwakeInstancesAfterBackupRestoration (8ms)
Launched and connected shader compiler UnityShaderCompiler.exe after 0.09 seconds
Refreshing native plugins compatible for Editor in 3.63 ms, found 4 plugins.
Preloading 0 native plugins for Editor in 0.00 ms.
Unloading 4024 Unused Serialized files (Serialized files now loaded: 0)
Unloading 62 unused Assets / (33.2 KB). Loaded Objects now: 4488.
Memory consumption went from 140.3 MB to 140.3 MB.
Total: 5.157100 ms (FindLiveObjects: 0.575900 ms CreateObjectMapping: 0.288700 ms MarkObjects: 4.173700 ms  DeleteObjects: 0.116900 ms)

AssetImportParameters requested are different than current active one (requested -> active):
  custom:container-demuxer-ogg: 62fdf1f143b41e24485cea50d1cbac27 -> 
  custom:video-decoder-ogg-theora: a1e56fd34408186e4bbccfd4996cb3dc -> 
  custom:framework-win-MediaFoundation: 216162199b28c13a410421893ffa2e32 -> 
  custom:CustomObjectIndexerAttribute: 756ad292c208cfabdd7b50bc23989ffe -> 
  custom:container-demuxer-webm: 4f35f7cbe854078d1ac9338744f61a02 -> 
  custom:container-muxer-webm: aa71ff27fc2769a1b78a27578f13a17b -> 
  custom:video-decoder-webm-vp8: 9c59270c3fd7afecdb556c50c9e8de78 -> 
  custom:SearchIndexIgnoredProperties: e643bd26f0fe6173181afceb89e7c659 -> 
  custom:AudioImporter_EditorPlatform: d09bf68614088b80899f8185d706f6e7 -> 
  custom:video-encoder-webm-vp8: eb34c28f22e8b96e1ab97ce403110664 -> 
  custom:audio-decoder-ogg-vorbis: bf7c407c2cedff20999df2af8eb42d56 -> 
  custom:audio-encoder-webm-vorbis: bf7c407c2cedff20999df2af8eb42d56 -> 
========================================================================
Received Import Request.
  Time since last request: 259749.123412 seconds.
  path: Assets/Sprites/PCI bus.jpg
  artifactKey: Guid(7effc9f793074cf48a7740c8e0652174) Importer(815301076,1909f56bfc062723c751e8b465ee728b)
Start importing Assets/Sprites/PCI bus.jpg using Guid(7effc9f793074cf48a7740c8e0652174) Importer(815301076,1909f56bfc062723c751e8b465ee728b)  -> (artifact id: '1cc6c9719258ce39f4c839828f83142b') in 0.181718 seconds
Number of updated asset objects reloaded before import = 0
Number of asset objects unloaded after import = 3
========================================================================
Received Import Request.
  Time since last request: 145.346434 seconds.
  path: Assets/Scenes/Level1.unity
  artifactKey: Guid(d2273e1393947e14bb050d59a7664f1a) Importer(815301076,1909f56bfc062723c751e8b465ee728b)
Start importing Assets/Scenes/Level1.unity using Guid(d2273e1393947e14bb050d59a7664f1a) Importer(815301076,1909f56bfc062723c751e8b465ee728b)  -> (artifact id: 'ca7b8dd154030f677497b6798b3e05ca') in 0.001877 seconds
Number of updated asset objects reloaded before import = 0
Number of asset objects unloaded after import = 0
========================================================================
Received Import Request.
  Time since last request: 19.541685 seconds.
  path: Assets/Scenes/Map.unity
  artifactKey: Guid(da559e04969b2344d87a8e6dbec3c171) Importer(815301076,1909f56bfc062723c751e8b465ee728b)
Start importing Assets/Scenes/Map.unity using Guid(da559e04969b2344d87a8e6dbec3c171) Importer(815301076,1909f56bfc062723c751e8b465ee728b)  -> (artifact id: '95004e0c4165e04d278571d6f69a1ae0') in 0.000609 seconds
Number of updated asset objects reloaded before import = 0
Number of asset objects unloaded after import = 0
========================================================================
Received Prepare
Begin MonoManager ReloadAssembly
- Loaded All Assemblies, in  0.485 seconds
Refreshing native plugins compatible for Editor in 2.84 ms, found 4 plugins.
Native extension for WindowsStandalone target not found
[Package Manager] Server::EnsureServerProcessIsRunning -- launch failed, reason: Unity was launched with the -noUpm command-line argument
[Package Manager] UpmClient::Send -- Unable to send message (not connected to UPM process).
[Package Manager] Cannot connect to Unity Package Manager local server
Mono: successfully reloaded assembly
- Finished resetting the current domain, in  1.726 seconds
Domain Reload Profiling: 2211ms
	BeginReloadAssembly (188ms)
		ExecutionOrderSort (0ms)
		DisableScriptedObjects (12ms)
		BackupInstance (0ms)
		ReleaseScriptingObjects (0ms)
		CreateAndSetChildDomain (39ms)
	RebuildCommonClasses (39ms)
	RebuildNativeTypeToScriptingClass (9ms)
	initialDomainReloadingComplete (32ms)
	LoadAllAssembliesAndSetupDomain (215ms)
		LoadAssemblies (312ms)
		RebuildTransferFunctionScriptingTraits (0ms)
		AnalyzeDomain (12ms)
			TypeCache.Refresh (6ms)
				TypeCache.ScanAssembly (0ms)
			ScanForSourceGeneratedMonoScriptInfo (0ms)
			ResolveRequiredComponents (5ms)
	FinalizeReload (1727ms)
		ReleaseScriptCaches (0ms)
		RebuildScriptCaches (0ms)
		SetupLoadedEditorAssemblies (666ms)
			LogAssemblyErrors (0ms)
			InitializePlatformSupportModulesInManaged (10ms)
			SetLoadedEditorAssemblies (6ms)
			RefreshPlugins (0ms)
			BeforeProcessingInitializeOnLoad (106ms)
			ProcessInitializeOnLoadAttributes (482ms)
			ProcessInitializeOnLoadMethodAttributes (54ms)
			AfterProcessingInitializeOnLoad (8ms)
			EditorAssembliesLoaded (0ms)
		ExecutionOrderSort2 (0ms)
		AwakeInstancesAfterBackupRestoration (25ms)
Refreshing native plugins compatible for Editor in 5.56 ms, found 4 plugins.
Preloading 0 native plugins for Editor in 0.00 ms.
Unloading 3999 Unused Serialized files (Serialized files now loaded: 0)
Unloading 35 unused Assets / (34.6 KB). Loaded Objects now: 4499.
Memory consumption went from 138.7 MB to 138.7 MB.
Total: 4.579600 ms (FindLiveObjects: 0.440300 ms CreateObjectMapping: 0.254800 ms MarkObjects: 3.810900 ms  DeleteObjects: 0.071900 ms)

Prepare: number of updated asset objects reloaded= 0
AssetImportParameters requested are different than current active one (requested -> active):
  custom:container-demuxer-ogg: 62fdf1f143b41e24485cea50d1cbac27 -> 
  custom:video-decoder-ogg-theora: a1e56fd34408186e4bbccfd4996cb3dc -> 
  custom:framework-win-MediaFoundation: 216162199b28c13a410421893ffa2e32 -> 
  custom:CustomObjectIndexerAttribute: 756ad292c208cfabdd7b50bc23989ffe -> 
  custom:container-demuxer-webm: 4f35f7cbe854078d1ac9338744f61a02 -> 
  custom:container-muxer-webm: aa71ff27fc2769a1b78a27578f13a17b -> 
  custom:video-decoder-webm-vp8: 9c59270c3fd7afecdb556c50c9e8de78 -> 
  custom:SearchIndexIgnoredProperties: e643bd26f0fe6173181afceb89e7c659 -> 
  custom:AudioImporter_EditorPlatform: d09bf68614088b80899f8185d706f6e7 -> 
  custom:video-encoder-webm-vp8: eb34c28f22e8b96e1ab97ce403110664 -> 
  custom:audio-decoder-ogg-vorbis: bf7c407c2cedff20999df2af8eb42d56 -> 
  custom:audio-encoder-webm-vorbis: bf7c407c2cedff20999df2af8eb42d56 -> 
========================================================================
Received Import Request.
  Time since last request: 241.237180 seconds.
  path: Assets/Scenes/8x10.unity
  artifactKey: Guid(2452743572306924382f6c135c133d71) Importer(815301076,1909f56bfc062723c751e8b465ee728b)
Start importing Assets/Scenes/8x10.unity using Guid(2452743572306924382f6c135c133d71) Importer(815301076,1909f56bfc062723c751e8b465ee728b)  -> (artifact id: '1511ffc370aa98b245c268717a72c136') in 0.002178 seconds
Number of updated asset objects reloaded before import = 0
Number of asset objects unloaded after import = 0
========================================================================
Received Import Request.
  Time since last request: 841.539709 seconds.
  path: Assets/Scenes/8x10.unity
  artifactKey: Guid(2452743572306924382f6c135c133d71) Importer(815301076,1909f56bfc062723c751e8b465ee728b)
Start importing Assets/Scenes/8x10.unity using Guid(2452743572306924382f6c135c133d71) Importer(815301076,1909f56bfc062723c751e8b465ee728b)  -> (artifact id: 'cd4b9222627d068936b883c96ed70e42') in 0.000995 seconds
Number of updated asset objects reloaded before import = 0
Number of asset objects unloaded after import = 0
========================================================================
Received Import Request.
  Time since last request: 373.019281 seconds.
  path: Assets/Scenes/8x10.unity
  artifactKey: Guid(2452743572306924382f6c135c133d71) Importer(815301076,1909f56bfc062723c751e8b465ee728b)
Start importing Assets/Scenes/8x10.unity using Guid(2452743572306924382f6c135c133d71) Importer(815301076,1909f56bfc062723c751e8b465ee728b)  -> (artifact id: '4995d76d031bf4100d139f45f8a6ad3e') in 0.001687 seconds
Number of updated asset objects reloaded before import = 0
Number of asset objects unloaded after import = 0
========================================================================
Received Import Request.
  Time since last request: 197.475419 seconds.
  path: Assets/Scenes/puzzle.unity
  artifactKey: Guid(f358194481ba9eb4dacc83bff4362fbe) Importer(815301076,1909f56bfc062723c751e8b465ee728b)
Start importing Assets/Scenes/puzzle.unity using Guid(f358194481ba9eb4dacc83bff4362fbe) Importer(815301076,1909f56bfc062723c751e8b465ee728b)  -> (artifact id: '0eedf76d5a89cfd7b19f8e6b4a389bc1') in 0.001024 seconds
Number of updated asset objects reloaded before import = 0
Number of asset objects unloaded after import = 0
========================================================================
Received Import Request.
  Time since last request: 54.514345 seconds.
  path: Assets/Scenes/8x10.unity
  artifactKey: Guid(2452743572306924382f6c135c133d71) Importer(815301076,1909f56bfc062723c751e8b465ee728b)
Start importing Assets/Scenes/8x10.unity using Guid(2452743572306924382f6c135c133d71) Importer(815301076,1909f56bfc062723c751e8b465ee728b)  -> (artifact id: 'f59c32311665473f3aa1049d59ec3116') in 0.001945 seconds
Number of updated asset objects reloaded before import = 0
Number of asset objects unloaded after import = 0
========================================================================
Received Import Request.
  Time since last request: 1423.724757 seconds.
  path: Assets/Scenes/8x10.unity
  artifactKey: Guid(2452743572306924382f6c135c133d71) Importer(815301076,1909f56bfc062723c751e8b465ee728b)
Start importing Assets/Scenes/8x10.unity using Guid(2452743572306924382f6c135c133d71) Importer(815301076,1909f56bfc062723c751e8b465ee728b)  -> (artifact id: '01395207081b30284b5573b9eca512d6') in 0.001063 seconds
Number of updated asset objects reloaded before import = 0
Number of asset objects unloaded after import = 0
========================================================================
Received Import Request.
  Time since last request: 75.109038 seconds.
  path: Assets/Scenes/8x10.unity
  artifactKey: Guid(2452743572306924382f6c135c133d71) Importer(815301076,1909f56bfc062723c751e8b465ee728b)
Start importing Assets/Scenes/8x10.unity using Guid(2452743572306924382f6c135c133d71) Importer(815301076,1909f56bfc062723c751e8b465ee728b)  -> (artifact id: 'e89a36503d5feae35a976dcf5567d686') in 0.000548 seconds
Number of updated asset objects reloaded before import = 0
Number of asset objects unloaded after import = 0
========================================================================
Received Import Request.
  Time since last request: 926.215605 seconds.
  path: Assets/Scenes/8x10.unity
  artifactKey: Guid(2452743572306924382f6c135c133d71) Importer(815301076,1909f56bfc062723c751e8b465ee728b)
Start importing Assets/Scenes/8x10.unity using Guid(2452743572306924382f6c135c133d71) Importer(815301076,1909f56bfc062723c751e8b465ee728b)  -> (artifact id: 'f1adda9f47071ca93147a1f2a828f96f') in 0.001864 seconds
Number of updated asset objects reloaded before import = 0
Number of asset objects unloaded after import = 0
========================================================================
Received Import Request.
  Time since last request: 1091.261543 seconds.
  path: ProjectSettings/TagManager.asset
  artifactKey: Guid(00000000000000003000000000000000) Importer(815301076,1909f56bfc062723c751e8b465ee728b)
Start importing ProjectSettings/TagManager.asset using Guid(00000000000000003000000000000000) Importer(815301076,1909f56bfc062723c751e8b465ee728b)  -> (artifact id: '246766d0df67e09bad1faf3935c7c94d') in 0.140213 seconds
Number of updated asset objects reloaded before import = 0
Number of asset objects unloaded after import = 0
========================================================================
Received Import Request.
  Time since last request: 218.437657 seconds.
  path: Assets/Scenes/8x10.unity
  artifactKey: Guid(2452743572306924382f6c135c133d71) Importer(815301076,1909f56bfc062723c751e8b465ee728b)
Start importing Assets/Scenes/8x10.unity using Guid(2452743572306924382f6c135c133d71) Importer(815301076,1909f56bfc062723c751e8b465ee728b)  -> (artifact id: '2399c93db21429e07218d99df79b237e') in 0.000794 seconds
Number of updated asset objects reloaded before import = 0
Number of asset objects unloaded after import = 0
========================================================================
Received Import Request.
  Time since last request: 718.623952 seconds.
  path: Assets/Scenes/8x10 1.unity
  artifactKey: Guid(1981f616e0cea2d4e9d3b39201f73b4e) Importer(815301076,1909f56bfc062723c751e8b465ee728b)
Start importing Assets/Scenes/8x10 1.unity using Guid(1981f616e0cea2d4e9d3b39201f73b4e) Importer(815301076,1909f56bfc062723c751e8b465ee728b)  -> (artifact id: 'da01ef5650d1db0fe370f1876060872f') in 0.001416 seconds
Number of updated asset objects reloaded before import = 0
Number of asset objects unloaded after import = 0
========================================================================
Received Import Request.
  Time since last request: 392.135462 seconds.
  path: Assets/Scenes/lv20.unity
  artifactKey: Guid(1981f616e0cea2d4e9d3b39201f73b4e) Importer(815301076,1909f56bfc062723c751e8b465ee728b)
Start importing Assets/Scenes/lv20.unity using Guid(1981f616e0cea2d4e9d3b39201f73b4e) Importer(815301076,1909f56bfc062723c751e8b465ee728b)  -> (artifact id: '2afe0100d8dfdf845339281055820a05') in 0.000618 seconds
Number of updated asset objects reloaded before import = 0
Number of asset objects unloaded after import = 0
========================================================================
Received Import Request.
  Time since last request: 615.552213 seconds.
  path: Assets/Scenes/lv20.unity
  artifactKey: Guid(1981f616e0cea2d4e9d3b39201f73b4e) Importer(815301076,1909f56bfc062723c751e8b465ee728b)
Start importing Assets/Scenes/lv20.unity using Guid(1981f616e0cea2d4e9d3b39201f73b4e) Importer(815301076,1909f56bfc062723c751e8b465ee728b)  -> (artifact id: 'f9dd9729e32e5da8ba0ff16784642a8e') in 0.001215 seconds
Number of updated asset objects reloaded before import = 0
Number of asset objects unloaded after import = 0
========================================================================
Received Import Request.
  Time since last request: 1905.762793 seconds.
  path: Assets/Scenes/lv20.unity
  artifactKey: Guid(1981f616e0cea2d4e9d3b39201f73b4e) Importer(815301076,1909f56bfc062723c751e8b465ee728b)
Start importing Assets/Scenes/lv20.unity using Guid(1981f616e0cea2d4e9d3b39201f73b4e) Importer(815301076,1909f56bfc062723c751e8b465ee728b)  -> (artifact id: '3ea7d93d0ece511755f92134ba40baed') in 0.002432 seconds
Number of updated asset objects reloaded before import = 0
Number of asset objects unloaded after import = 0
========================================================================
Received Import Request.
  Time since last request: 5.793516 seconds.
  path: Assets/Scenes/lv21.unity
  artifactKey: Guid(1981f616e0cea2d4e9d3b39201f73b4e) Importer(815301076,1909f56bfc062723c751e8b465ee728b)
Start importing Assets/Scenes/lv21.unity using Guid(1981f616e0cea2d4e9d3b39201f73b4e) Importer(815301076,1909f56bfc062723c751e8b465ee728b)  -> (artifact id: 'c91fc394debfe2011748ca0f9a83c42e') in 0.000992 seconds
Number of updated asset objects reloaded before import = 0
Number of asset objects unloaded after import = 0
